<?xml version="1.0" encoding="UTF-8"?>
<testsuites>
  <testsuite name="" tests="12" assertions="12" failures="0" errors="0" time="20.977098">
    <testsuite name="dnocode\awsddb\test\ActiveRecordTest" file="/home/dino/workspace/SERVER/dnocode-yii2-awsddb/test/ActiveRecordTest.php" namespace="dnocode\awsddb\test" fullPackage="dnocode.awsddb.test" tests="12" assertions="12" failures="0" errors="0" time="20.977098">
      <testcase name="testPut" class="dnocode\awsddb\test\ActiveRecordTest" file="/home/dino/workspace/SERVER/dnocode-yii2-awsddb/test/ActiveRecordTest.php" line="19" assertions="1" time="1.003882"/>
      <testcase name="testScanAll" class="dnocode\awsddb\test\ActiveRecordTest" file="/home/dino/workspace/SERVER/dnocode-yii2-awsddb/test/ActiveRecordTest.php" line="57" assertions="1" time="0.073415"/>
      <testcase name="testGetFindOne" class="dnocode\awsddb\test\ActiveRecordTest" file="/home/dino/workspace/SERVER/dnocode-yii2-awsddb/test/ActiveRecordTest.php" line="69" assertions="1" time="0.014754"/>
      <testcase name="testUpdate" class="dnocode\awsddb\test\ActiveRecordTest" file="/home/dino/workspace/SERVER/dnocode-yii2-awsddb/test/ActiveRecordTest.php" line="81" assertions="1" time="0.057937"/>
      <testcase name="testFindByAttribute" class="dnocode\awsddb\test\ActiveRecordTest" file="/home/dino/workspace/SERVER/dnocode-yii2-awsddb/test/ActiveRecordTest.php" line="97" assertions="1" time="0.019323"/>
      <testcase name="testFindByComparator" class="dnocode\awsddb\test\ActiveRecordTest" file="/home/dino/workspace/SERVER/dnocode-yii2-awsddb/test/ActiveRecordTest.php" line="110" assertions="1" time="0.017335"/>
      <testcase name="testFindByAttributesOr" class="dnocode\awsddb\test\ActiveRecordTest" file="/home/dino/workspace/SERVER/dnocode-yii2-awsddb/test/ActiveRecordTest.php" line="122" assertions="1" time="0.019008"/>
      <testcase name="testFindByAttributesIn" class="dnocode\awsddb\test\ActiveRecordTest" file="/home/dino/workspace/SERVER/dnocode-yii2-awsddb/test/ActiveRecordTest.php" line="136" assertions="1" time="0.020321"/>
      <testcase name="testFindByPKOr" class="dnocode\awsddb\test\ActiveRecordTest" file="/home/dino/workspace/SERVER/dnocode-yii2-awsddb/test/ActiveRecordTest.php" line="155" assertions="1" time="0.014143"/>
      <testcase name="testDeleteOnModel" class="dnocode\awsddb\test\ActiveRecordTest" file="/home/dino/workspace/SERVER/dnocode-yii2-awsddb/test/ActiveRecordTest.php" line="169" assertions="1" time="0.040626"/>
      <testcase name="testDeleteAll" class="dnocode\awsddb\test\ActiveRecordTest" file="/home/dino/workspace/SERVER/dnocode-yii2-awsddb/test/ActiveRecordTest.php" line="181" assertions="1" time="0.034903"/>
      <testcase name="testSimpleRelationInsideTable" class="dnocode\awsddb\test\ActiveRecordTest" file="/home/dino/workspace/SERVER/dnocode-yii2-awsddb/test/ActiveRecordTest.php" line="199" assertions="1" time="19.661451"/>
    </testsuite>
  </testsuite>
</testsuites>
